{"/home/skghost/Home/projects/world-cup-scoreboard/src/match.ts": {"path":"/home/skghost/Home/projects/world-cup-scoreboard/src/match.ts","statementMap":{"0":{"start":{"line":1,"column":0},"end":{"line":1,"column":36}},"1":{"start":{"line":5,"column":20},"end":{"line":5,"column":null}},"2":{"start":{"line":6,"column":20},"end":{"line":6,"column":null}},"3":{"start":{"line":7,"column":20},"end":{"line":7,"column":null}},"4":{"start":{"line":8,"column":11},"end":{"line":8,"column":null}},"5":{"start":{"line":9,"column":11},"end":{"line":9,"column":null}},"6":{"start":{"line":10,"column":11},"end":{"line":10,"column":null}},"7":{"start":{"line":11,"column":11},"end":{"line":11,"column":null}},"8":{"start":{"line":14,"column":8},"end":{"line":16,"column":9}},"9":{"start":{"line":15,"column":12},"end":{"line":15,"column":70}},"10":{"start":{"line":18,"column":8},"end":{"line":20,"column":9}},"11":{"start":{"line":19,"column":12},"end":{"line":19,"column":77}},"12":{"start":{"line":22,"column":8},"end":{"line":22,"column":33}},"13":{"start":{"line":23,"column":8},"end":{"line":23,"column":33}},"14":{"start":{"line":27,"column":8},"end":{"line":29,"column":9}},"15":{"start":{"line":28,"column":12},"end":{"line":28,"column":60}},"16":{"start":{"line":31,"column":8},"end":{"line":31,"column":31}},"17":{"start":{"line":32,"column":8},"end":{"line":32,"column":36}},"18":{"start":{"line":36,"column":8},"end":{"line":38,"column":9}},"19":{"start":{"line":37,"column":12},"end":{"line":37,"column":56}},"20":{"start":{"line":40,"column":8},"end":{"line":40,"column":43}},"21":{"start":{"line":41,"column":8},"end":{"line":41,"column":43}},"22":{"start":{"line":45,"column":8},"end":{"line":47,"column":9}},"23":{"start":{"line":46,"column":12},"end":{"line":46,"column":56}},"24":{"start":{"line":49,"column":8},"end":{"line":49,"column":32}},"25":{"start":{"line":4,"column":0},"end":{"line":4,"column":13}}},"fnMap":{"0":{"name":"(anonymous_0)","decl":{"start":{"line":13,"column":4},"end":{"line":13,"column":16}},"loc":{"start":{"line":13,"column":46},"end":{"line":24,"column":5}}},"1":{"name":"(anonymous_1)","decl":{"start":{"line":26,"column":11},"end":{"line":26,"column":16}},"loc":{"start":{"line":26,"column":16},"end":{"line":33,"column":5}}},"2":{"name":"(anonymous_2)","decl":{"start":{"line":35,"column":11},"end":{"line":35,"column":22}},"loc":{"start":{"line":35,"column":67},"end":{"line":42,"column":5}}},"3":{"name":"(anonymous_3)","decl":{"start":{"line":44,"column":11},"end":{"line":44,"column":17}},"loc":{"start":{"line":44,"column":17},"end":{"line":50,"column":5}}}},"branchMap":{"0":{"loc":{"start":{"line":14,"column":8},"end":{"line":16,"column":9}},"type":"if","locations":[{"start":{"line":14,"column":8},"end":{"line":16,"column":9}}]},"1":{"loc":{"start":{"line":18,"column":8},"end":{"line":20,"column":9}},"type":"if","locations":[{"start":{"line":18,"column":8},"end":{"line":20,"column":9}}]},"2":{"loc":{"start":{"line":27,"column":8},"end":{"line":29,"column":9}},"type":"if","locations":[{"start":{"line":27,"column":8},"end":{"line":29,"column":9}}]},"3":{"loc":{"start":{"line":36,"column":8},"end":{"line":38,"column":9}},"type":"if","locations":[{"start":{"line":36,"column":8},"end":{"line":38,"column":9}}]},"4":{"loc":{"start":{"line":45,"column":8},"end":{"line":47,"column":9}},"type":"if","locations":[{"start":{"line":45,"column":8},"end":{"line":47,"column":9}}]}},"s":{"0":2,"1":18,"2":18,"3":18,"4":18,"5":18,"6":18,"7":18,"8":18,"9":1,"10":17,"11":1,"12":16,"13":16,"14":14,"15":1,"16":13,"17":13,"18":7,"19":1,"20":6,"21":6,"22":4,"23":1,"24":3,"25":2},"f":{"0":18,"1":14,"2":7,"3":4},"b":{"0":[1],"1":[1],"2":[1],"3":[1],"4":[1]}}
,"/home/skghost/Home/projects/world-cup-scoreboard/src/scoreboard.ts": {"path":"/home/skghost/Home/projects/world-cup-scoreboard/src/scoreboard.ts","statementMap":{"0":{"start":{"line":1,"column":0},"end":{"line":1,"column":32}},"1":{"start":{"line":5,"column":21},"end":{"line":5,"column":null}},"2":{"start":{"line":8,"column":8},"end":{"line":10,"column":9}},"3":{"start":{"line":9,"column":12},"end":{"line":9,"column":70}},"4":{"start":{"line":12,"column":22},"end":{"line":12,"column":51}},"5":{"start":{"line":13,"column":8},"end":{"line":13,"column":22}},"6":{"start":{"line":14,"column":8},"end":{"line":14,"column":42}},"7":{"start":{"line":16,"column":8},"end":{"line":16,"column":21}},"8":{"start":{"line":20,"column":22},"end":{"line":20,"column":54}},"9":{"start":{"line":21,"column":8},"end":{"line":21,"column":48}},"10":{"start":{"line":25,"column":22},"end":{"line":25,"column":54}},"11":{"start":{"line":26,"column":8},"end":{"line":26,"column":23}},"12":{"start":{"line":27,"column":8},"end":{"line":27,"column":37}},"13":{"start":{"line":31,"column":8},"end":{"line":48,"column":15}},"14":{"start":{"line":32,"column":31},"end":{"line":32,"column":47}},"15":{"start":{"line":34,"column":16},"end":{"line":36,"column":17}},"16":{"start":{"line":35,"column":20},"end":{"line":35,"column":73}},"17":{"start":{"line":38,"column":16},"end":{"line":40,"column":17}},"18":{"start":{"line":39,"column":20},"end":{"line":39,"column":73}},"19":{"start":{"line":42,"column":31},"end":{"line":42,"column":64}},"20":{"start":{"line":43,"column":31},"end":{"line":43,"column":64}},"21":{"start":{"line":44,"column":34},"end":{"line":44,"column":49}},"22":{"start":{"line":45,"column":16},"end":{"line":45,"column":54}},"23":{"start":{"line":45,"column":37},"end":{"line":45,"column":54}},"24":{"start":{"line":47,"column":16},"end":{"line":47,"column":69}},"25":{"start":{"line":52,"column":22},"end":{"line":52,"column":42}},"26":{"start":{"line":53,"column":8},"end":{"line":53,"column":70}},"27":{"start":{"line":53,"column":20},"end":{"line":53,"column":70}},"28":{"start":{"line":54,"column":8},"end":{"line":56,"column":9}},"29":{"start":{"line":55,"column":12},"end":{"line":55,"column":56}},"30":{"start":{"line":58,"column":8},"end":{"line":58,"column":21}},"31":{"start":{"line":62,"column":8},"end":{"line":66,"column":9}},"32":{"start":{"line":63,"column":12},"end":{"line":65,"column":13}},"33":{"start":{"line":64,"column":16},"end":{"line":64,"column":28}},"34":{"start":{"line":68,"column":8},"end":{"line":68,"column":21}},"35":{"start":{"line":4,"column":0},"end":{"line":4,"column":13}}},"fnMap":{"0":{"name":"(anonymous_0)","decl":{"start":{"line":4,"column":0},"end":{"line":4,"column":13}},"loc":{"start":{"line":4,"column":0},"end":{"line":70,"column":1}}},"1":{"name":"(anonymous_1)","decl":{"start":{"line":7,"column":4},"end":{"line":7,"column":14}},"loc":{"start":{"line":7,"column":45},"end":{"line":17,"column":5}}},"2":{"name":"(anonymous_2)","decl":{"start":{"line":19,"column":4},"end":{"line":19,"column":15}},"loc":{"start":{"line":19,"column":69},"end":{"line":22,"column":5}}},"3":{"name":"(anonymous_3)","decl":{"start":{"line":24,"column":4},"end":{"line":24,"column":15}},"loc":{"start":{"line":24,"column":31},"end":{"line":28,"column":5}}},"4":{"name":"(anonymous_4)","decl":{"start":{"line":30,"column":4},"end":{"line":30,"column":14}},"loc":{"start":{"line":30,"column":14},"end":{"line":49,"column":5}}},"5":{"name":"(anonymous_5)","decl":{"start":{"line":32,"column":20},"end":{"line":32,"column":21}},"loc":{"start":{"line":32,"column":31},"end":{"line":32,"column":47}}},"6":{"name":"(anonymous_6)","decl":{"start":{"line":33,"column":18},"end":{"line":33,"column":19}},"loc":{"start":{"line":33,"column":27},"end":{"line":48,"column":13}}},"7":{"name":"(anonymous_7)","decl":{"start":{"line":51,"column":12},"end":{"line":51,"column":30}},"loc":{"start":{"line":51,"column":41},"end":{"line":59,"column":5}}},"8":{"name":"(anonymous_8)","decl":{"start":{"line":61,"column":12},"end":{"line":61,"column":32}},"loc":{"start":{"line":61,"column":43},"end":{"line":69,"column":5}}}},"branchMap":{"0":{"loc":{"start":{"line":8,"column":8},"end":{"line":10,"column":9}},"type":"if","locations":[{"start":{"line":8,"column":8},"end":{"line":10,"column":9}}]},"1":{"loc":{"start":{"line":8,"column":12},"end":{"line":8,"column":86}},"type":"binary-expr","locations":[{"start":{"line":8,"column":12},"end":{"line":8,"column":47}},{"start":{"line":8,"column":51},"end":{"line":8,"column":86}}]},"2":{"loc":{"start":{"line":34,"column":16},"end":{"line":36,"column":17}},"type":"if","locations":[{"start":{"line":34,"column":16},"end":{"line":36,"column":17}}]},"3":{"loc":{"start":{"line":38,"column":16},"end":{"line":40,"column":17}},"type":"if","locations":[{"start":{"line":38,"column":16},"end":{"line":40,"column":17}}]},"4":{"loc":{"start":{"line":45,"column":16},"end":{"line":45,"column":54}},"type":"if","locations":[{"start":{"line":45,"column":16},"end":{"line":45,"column":54}}]},"5":{"loc":{"start":{"line":53,"column":8},"end":{"line":53,"column":70}},"type":"if","locations":[{"start":{"line":53,"column":8},"end":{"line":53,"column":70}}]},"6":{"loc":{"start":{"line":54,"column":8},"end":{"line":56,"column":9}},"type":"if","locations":[{"start":{"line":54,"column":8},"end":{"line":56,"column":9}}]},"7":{"loc":{"start":{"line":63,"column":12},"end":{"line":65,"column":13}},"type":"if","locations":[{"start":{"line":63,"column":12},"end":{"line":65,"column":13}}]},"8":{"loc":{"start":{"line":63,"column":16},"end":{"line":63,"column":78}},"type":"binary-expr","locations":[{"start":{"line":63,"column":16},"end":{"line":63,"column":45}},{"start":{"line":63,"column":49},"end":{"line":63,"column":78}}]}},"s":{"0":1,"1":10,"2":10,"3":1,"4":9,"5":9,"6":9,"7":9,"8":7,"9":5,"10":3,"11":2,"12":2,"13":5,"14":5,"15":2,"16":0,"17":2,"18":0,"19":2,"20":2,"21":2,"22":2,"23":1,"24":1,"25":10,"26":10,"27":3,"28":7,"29":0,"30":7,"31":19,"32":5,"33":1,"34":18,"35":1},"f":{"0":10,"1":10,"2":7,"3":3,"4":5,"5":5,"6":2,"7":10,"8":19},"b":{"0":[1],"1":[10,9],"2":[0],"3":[0],"4":[1],"5":[3],"6":[0],"7":[1],"8":[5,4]}}
,"/home/skghost/Home/projects/world-cup-scoreboard/src/team.ts": {"path":"/home/skghost/Home/projects/world-cup-scoreboard/src/team.ts","statementMap":{"0":{"start":{"line":1,"column":0},"end":{"line":1,"column":36}},"1":{"start":{"line":4,"column":20},"end":{"line":4,"column":null}},"2":{"start":{"line":5,"column":20},"end":{"line":5,"column":null}},"3":{"start":{"line":8,"column":8},"end":{"line":10,"column":9}},"4":{"start":{"line":9,"column":12},"end":{"line":9,"column":57}},"5":{"start":{"line":12,"column":8},"end":{"line":12,"column":25}},"6":{"start":{"line":3,"column":0},"end":{"line":3,"column":13}}},"fnMap":{"0":{"name":"(anonymous_0)","decl":{"start":{"line":7,"column":4},"end":{"line":7,"column":16}},"loc":{"start":{"line":7,"column":28},"end":{"line":13,"column":5}}}},"branchMap":{"0":{"loc":{"start":{"line":8,"column":8},"end":{"line":10,"column":9}},"type":"if","locations":[{"start":{"line":8,"column":8},"end":{"line":10,"column":9}}]}},"s":{"0":3,"1":38,"2":38,"3":38,"4":1,"5":37,"6":3},"f":{"0":38},"b":{"0":[1]}}
}
