{"/home/skghost/Home/projects/world-cup-scoreboard/src/match.ts": {"path":"/home/skghost/Home/projects/world-cup-scoreboard/src/match.ts","statementMap":{"0":{"start":{"line":1,"column":0},"end":{"line":1,"column":36}},"1":{"start":{"line":5,"column":20},"end":{"line":5,"column":null}},"2":{"start":{"line":6,"column":20},"end":{"line":6,"column":null}},"3":{"start":{"line":7,"column":20},"end":{"line":7,"column":null}},"4":{"start":{"line":8,"column":11},"end":{"line":8,"column":null}},"5":{"start":{"line":9,"column":11},"end":{"line":9,"column":null}},"6":{"start":{"line":10,"column":11},"end":{"line":10,"column":null}},"7":{"start":{"line":11,"column":20},"end":{"line":11,"column":null}},"8":{"start":{"line":15,"column":8},"end":{"line":17,"column":9}},"9":{"start":{"line":16,"column":12},"end":{"line":16,"column":70}},"10":{"start":{"line":19,"column":8},"end":{"line":21,"column":9}},"11":{"start":{"line":20,"column":12},"end":{"line":20,"column":77}},"12":{"start":{"line":23,"column":8},"end":{"line":23,"column":33}},"13":{"start":{"line":24,"column":8},"end":{"line":24,"column":33}},"14":{"start":{"line":4,"column":0},"end":{"line":4,"column":13}}},"fnMap":{"0":{"name":"(anonymous_0)","decl":{"start":{"line":14,"column":4},"end":{"line":14,"column":16}},"loc":{"start":{"line":14,"column":46},"end":{"line":25,"column":5}}}},"branchMap":{"0":{"loc":{"start":{"line":15,"column":8},"end":{"line":17,"column":9}},"type":"if","locations":[{"start":{"line":15,"column":8},"end":{"line":17,"column":9}}]},"1":{"loc":{"start":{"line":19,"column":8},"end":{"line":21,"column":9}},"type":"if","locations":[{"start":{"line":19,"column":8},"end":{"line":21,"column":9}}]}},"s":{"0":1,"1":3,"2":3,"3":3,"4":3,"5":3,"6":3,"7":3,"8":3,"9":1,"10":2,"11":1,"12":1,"13":1,"14":1},"f":{"0":3},"b":{"0":[1],"1":[1]}}
,"/home/skghost/Home/projects/world-cup-scoreboard/src/team.ts": {"path":"/home/skghost/Home/projects/world-cup-scoreboard/src/team.ts","statementMap":{"0":{"start":{"line":1,"column":0},"end":{"line":1,"column":36}},"1":{"start":{"line":4,"column":20},"end":{"line":4,"column":null}},"2":{"start":{"line":5,"column":20},"end":{"line":5,"column":null}},"3":{"start":{"line":8,"column":8},"end":{"line":8,"column":25}},"4":{"start":{"line":3,"column":0},"end":{"line":3,"column":13}}},"fnMap":{"0":{"name":"(anonymous_0)","decl":{"start":{"line":7,"column":4},"end":{"line":7,"column":16}},"loc":{"start":{"line":7,"column":28},"end":{"line":9,"column":5}}}},"branchMap":{},"s":{"0":1,"1":5,"2":5,"3":5,"4":1},"f":{"0":5},"b":{}}
}
