TN:
SF:src/match.ts
FN:13,(anonymous_0)
FN:26,(anonymous_1)
FN:35,(anonymous_2)
FN:44,(anonymous_3)
FNF:4
FNH:4
FNDA:18,(anonymous_0)
FNDA:14,(anonymous_1)
FNDA:7,(anonymous_2)
FNDA:4,(anonymous_3)
DA:1,2
DA:4,2
DA:5,18
DA:6,18
DA:7,18
DA:8,18
DA:9,18
DA:10,18
DA:11,18
DA:14,18
DA:15,1
DA:18,17
DA:19,1
DA:22,16
DA:23,16
DA:27,14
DA:28,1
DA:31,13
DA:32,13
DA:36,7
DA:37,1
DA:40,6
DA:41,6
DA:45,4
DA:46,1
DA:49,3
LF:26
LH:26
BRDA:14,0,0,1
BRDA:18,1,0,1
BRDA:27,2,0,1
BRDA:36,3,0,1
BRDA:45,4,0,1
BRF:5
BRH:5
end_of_record
TN:
SF:src/scoreboard.ts
FN:4,(anonymous_0)
FN:7,(anonymous_1)
FN:19,(anonymous_2)
FN:24,(anonymous_3)
FN:30,(anonymous_4)
FN:32,(anonymous_5)
FN:33,(anonymous_6)
FN:51,(anonymous_7)
FN:61,(anonymous_8)
FNF:9
FNH:9
FNDA:10,(anonymous_0)
FNDA:10,(anonymous_1)
FNDA:7,(anonymous_2)
FNDA:3,(anonymous_3)
FNDA:5,(anonymous_4)
FNDA:5,(anonymous_5)
FNDA:2,(anonymous_6)
FNDA:10,(anonymous_7)
FNDA:19,(anonymous_8)
DA:1,1
DA:4,1
DA:5,10
DA:8,10
DA:9,1
DA:12,9
DA:13,9
DA:14,9
DA:16,9
DA:20,7
DA:21,5
DA:25,3
DA:26,2
DA:27,2
DA:31,5
DA:32,5
DA:34,2
DA:35,0
DA:38,2
DA:39,0
DA:42,2
DA:43,2
DA:44,2
DA:45,2
DA:47,1
DA:52,10
DA:53,10
DA:54,7
DA:55,0
DA:58,7
DA:62,19
DA:63,5
DA:64,1
DA:68,18
LF:34
LH:31
BRDA:8,0,0,1
BRDA:8,1,0,10
BRDA:8,1,1,9
BRDA:34,2,0,0
BRDA:38,3,0,0
BRDA:45,4,0,1
BRDA:53,5,0,3
BRDA:54,6,0,0
BRDA:63,7,0,1
BRDA:63,8,0,5
BRDA:63,8,1,4
BRF:11
BRH:8
end_of_record
TN:
SF:src/team.ts
FN:7,(anonymous_0)
FNF:1
FNH:1
FNDA:38,(anonymous_0)
DA:1,3
DA:3,3
DA:4,38
DA:5,38
DA:8,38
DA:9,1
DA:12,37
LF:7
LH:7
BRDA:8,0,0,1
BRF:1
BRH:1
end_of_record
