TN:
SF:src/match.ts
FN:13,(anonymous_0)
FN:26,(anonymous_1)
FN:35,(anonymous_2)
FN:44,(anonymous_3)
FNF:4
FNH:4
FNDA:9,(anonymous_0)
FNDA:5,(anonymous_1)
FNDA:2,(anonymous_2)
FNDA:2,(anonymous_3)
DA:1,1
DA:4,1
DA:5,9
DA:6,9
DA:7,9
DA:8,9
DA:9,9
DA:10,9
DA:11,9
DA:14,9
DA:15,1
DA:18,8
DA:19,1
DA:22,7
DA:23,7
DA:27,5
DA:28,1
DA:31,4
DA:32,4
DA:36,2
DA:37,1
DA:40,1
DA:41,1
DA:45,2
DA:46,1
DA:49,1
LF:26
LH:26
BRDA:14,0,0,1
BRDA:18,1,0,1
BRDA:27,2,0,1
BRDA:36,3,0,1
BRDA:45,4,0,1
BRF:5
BRH:5
end_of_record
TN:
SF:src/team.ts
FN:7,(anonymous_0)
FNF:1
FNH:1
FNDA:19,(anonymous_0)
DA:1,2
DA:3,2
DA:4,19
DA:5,19
DA:8,19
DA:9,1
DA:11,18
LF:7
LH:7
BRDA:8,0,0,1
BRF:1
BRH:1
end_of_record
